Determining if the pthread_create exist failed with the following output:
Change Dir: /home/melon/University/S6/AI/TP/TP1/DISTRIBUTION/joueurs/CMakeFiles/CMakeTmp

Run Build Command:"/usr/bin/make" "cmTC_27983/fast"
/usr/bin/make -f CMakeFiles/cmTC_27983.dir/build.make CMakeFiles/cmTC_27983.dir/build
make[1]: Entering directory '/home/melon/University/S6/AI/TP/TP1/DISTRIBUTION/joueurs/CMakeFiles/CMakeTmp'
Building C object CMakeFiles/cmTC_27983.dir/CheckSymbolExists.c.o
/usr/bin/cc    -o CMakeFiles/cmTC_27983.dir/CheckSymbolExists.c.o   -c /home/melon/University/S6/AI/TP/TP1/DISTRIBUTION/joueurs/CMakeFiles/CMakeTmp/CheckSymbolExists.c
Linking C executable cmTC_27983
/usr/bin/cmake -E cmake_link_script CMakeFiles/cmTC_27983.dir/link.txt --verbose=1
/usr/bin/cc      -rdynamic CMakeFiles/cmTC_27983.dir/CheckSymbolExists.c.o  -o cmTC_27983 
/usr/bin/ld: CMakeFiles/cmTC_27983.dir/CheckSymbolExists.c.o: in function `main':
CheckSymbolExists.c:(.text+0x1b): undefined reference to `pthread_create'
collect2: error: ld returned 1 exit status
make[1]: *** [CMakeFiles/cmTC_27983.dir/build.make:87: cmTC_27983] Error 1
make[1]: Leaving directory '/home/melon/University/S6/AI/TP/TP1/DISTRIBUTION/joueurs/CMakeFiles/CMakeTmp'
make: *** [Makefile:121: cmTC_27983/fast] Error 2

File /home/melon/University/S6/AI/TP/TP1/DISTRIBUTION/joueurs/CMakeFiles/CMakeTmp/CheckSymbolExists.c:
/* */
#include <pthread.h>

int main(int argc, char** argv)
{
  (void)argv;
#ifndef pthread_create
  return ((int*)(&pthread_create))[argc];
#else
  (void)argc;
  return 0;
#endif
}

Determining if the function pthread_create exists in the pthreads failed with the following output:
Change Dir: /home/melon/University/S6/AI/TP/TP1/DISTRIBUTION/joueurs/CMakeFiles/CMakeTmp

Run Build Command:"/usr/bin/make" "cmTC_ca9c1/fast"
/usr/bin/make -f CMakeFiles/cmTC_ca9c1.dir/build.make CMakeFiles/cmTC_ca9c1.dir/build
make[1]: Entering directory '/home/melon/University/S6/AI/TP/TP1/DISTRIBUTION/joueurs/CMakeFiles/CMakeTmp'
Building C object CMakeFiles/cmTC_ca9c1.dir/CheckFunctionExists.c.o
/usr/bin/cc   -DCHECK_FUNCTION_EXISTS=pthread_create   -o CMakeFiles/cmTC_ca9c1.dir/CheckFunctionExists.c.o   -c /usr/share/cmake-3.13/Modules/CheckFunctionExists.c
Linking C executable cmTC_ca9c1
/usr/bin/cmake -E cmake_link_script CMakeFiles/cmTC_ca9c1.dir/link.txt --verbose=1
/usr/bin/cc  -DCHECK_FUNCTION_EXISTS=pthread_create    -rdynamic CMakeFiles/cmTC_ca9c1.dir/CheckFunctionExists.c.o  -o cmTC_ca9c1 -lpthreads 
/usr/bin/ld: cannot find -lpthreads
collect2: error: ld returned 1 exit status
make[1]: *** [CMakeFiles/cmTC_ca9c1.dir/build.make:87: cmTC_ca9c1] Error 1
make[1]: Leaving directory '/home/melon/University/S6/AI/TP/TP1/DISTRIBUTION/joueurs/CMakeFiles/CMakeTmp'
make: *** [Makefile:121: cmTC_ca9c1/fast] Error 2


