Determining if the pthread_create exist failed with the following output:
Change Dir: /home/melon/University/S6/AI/TP/TP1/DISTRIBUTION/CMakeFiles/CMakeTmp

Run Build Command:"/usr/bin/make" "cmTC_5ba06/fast"
/usr/bin/make -f CMakeFiles/cmTC_5ba06.dir/build.make CMakeFiles/cmTC_5ba06.dir/build
make[1]: Entering directory '/home/melon/University/S6/AI/TP/TP1/DISTRIBUTION/CMakeFiles/CMakeTmp'
Building C object CMakeFiles/cmTC_5ba06.dir/CheckSymbolExists.c.o
/usr/bin/cc    -o CMakeFiles/cmTC_5ba06.dir/CheckSymbolExists.c.o   -c /home/melon/University/S6/AI/TP/TP1/DISTRIBUTION/CMakeFiles/CMakeTmp/CheckSymbolExists.c
Linking C executable cmTC_5ba06
/usr/bin/cmake -E cmake_link_script CMakeFiles/cmTC_5ba06.dir/link.txt --verbose=1
/usr/bin/cc      -rdynamic CMakeFiles/cmTC_5ba06.dir/CheckSymbolExists.c.o  -o cmTC_5ba06 
/usr/bin/ld: CMakeFiles/cmTC_5ba06.dir/CheckSymbolExists.c.o: in function `main':
CheckSymbolExists.c:(.text+0x1b): undefined reference to `pthread_create'
collect2: error: ld returned 1 exit status
make[1]: *** [CMakeFiles/cmTC_5ba06.dir/build.make:87: cmTC_5ba06] Error 1
make[1]: Leaving directory '/home/melon/University/S6/AI/TP/TP1/DISTRIBUTION/CMakeFiles/CMakeTmp'
make: *** [Makefile:121: cmTC_5ba06/fast] Error 2

File /home/melon/University/S6/AI/TP/TP1/DISTRIBUTION/CMakeFiles/CMakeTmp/CheckSymbolExists.c:
/* */
#include <pthread.h>

int main(int argc, char** argv)
{
  (void)argv;
#ifndef pthread_create
  return ((int*)(&pthread_create))[argc];
#else
  (void)argc;
  return 0;
#endif
}

Determining if the function pthread_create exists in the pthreads failed with the following output:
Change Dir: /home/melon/University/S6/AI/TP/TP1/DISTRIBUTION/CMakeFiles/CMakeTmp

Run Build Command:"/usr/bin/make" "cmTC_0f26a/fast"
/usr/bin/make -f CMakeFiles/cmTC_0f26a.dir/build.make CMakeFiles/cmTC_0f26a.dir/build
make[1]: Entering directory '/home/melon/University/S6/AI/TP/TP1/DISTRIBUTION/CMakeFiles/CMakeTmp'
Building C object CMakeFiles/cmTC_0f26a.dir/CheckFunctionExists.c.o
/usr/bin/cc   -DCHECK_FUNCTION_EXISTS=pthread_create   -o CMakeFiles/cmTC_0f26a.dir/CheckFunctionExists.c.o   -c /usr/share/cmake-3.13/Modules/CheckFunctionExists.c
Linking C executable cmTC_0f26a
/usr/bin/cmake -E cmake_link_script CMakeFiles/cmTC_0f26a.dir/link.txt --verbose=1
/usr/bin/cc  -DCHECK_FUNCTION_EXISTS=pthread_create    -rdynamic CMakeFiles/cmTC_0f26a.dir/CheckFunctionExists.c.o  -o cmTC_0f26a -lpthreads 
/usr/bin/ld: cannot find -lpthreads
collect2: error: ld returned 1 exit status
make[1]: *** [CMakeFiles/cmTC_0f26a.dir/build.make:87: cmTC_0f26a] Error 1
make[1]: Leaving directory '/home/melon/University/S6/AI/TP/TP1/DISTRIBUTION/CMakeFiles/CMakeTmp'
make: *** [Makefile:121: cmTC_0f26a/fast] Error 2


